<?xml version="1.0" encoding="UTF-8"?>
<testng-results ignored="0" total="3" passed="3" failed="0" skipped="0">
  <reporter-output>
  </reporter-output>
  <suite started-at="2023-01-10T15:41:53 EST" name="Default suite" finished-at="2023-01-10T15:41:53 EST" duration-ms="85">
    <groups>
    </groups>
    <test started-at="2023-01-10T15:41:53 EST" name="Default test" finished-at="2023-01-10T15:41:53 EST" duration-ms="85">
      <class name="InterviewQuestionsTest.ReverseAString">
        <test-method signature="logic1()[pri:1, instance:InterviewQuestionsTest.ReverseAString@c03cf28]" started-at="2023-01-10T15:41:53 EST" name="logic1" description="First Logic" finished-at="2023-01-10T15:41:53 EST" duration-ms="12" status="PASS">
          <reporter-output>
          </reporter-output>
        </test-method> <!-- logic1 -->
        <test-method signature="logic2()[pri:2, instance:InterviewQuestionsTest.ReverseAString@c03cf28]" started-at="2023-01-10T15:41:53 EST" name="logic2" description="Second Logic" finished-at="2023-01-10T15:41:53 EST" duration-ms="2" status="PASS">
          <reporter-output>
          </reporter-output>
        </test-method> <!-- logic2 -->
        <test-method signature="logic3()[pri:3, instance:InterviewQuestionsTest.ReverseAString@c03cf28]" started-at="2023-01-10T15:41:53 EST" name="logic3" description="Third Logic" finished-at="2023-01-10T15:41:53 EST" duration-ms="2" status="PASS">
          <reporter-output>
          </reporter-output>
        </test-method> <!-- logic3 -->
      </class> <!-- InterviewQuestionsTest.ReverseAString -->
    </test> <!-- Default test -->
  </suite> <!-- Default suite -->
</testng-results>
