<?xml version="1.0" encoding="UTF-8"?>
<testng-results ignored="0" total="2" passed="2" failed="0" skipped="0">
  <reporter-output>
  </reporter-output>
  <suite started-at="2023-01-09T12:16:14 EST" name="Default suite" finished-at="2023-01-09T12:16:14 EST" duration-ms="71">
    <groups>
    </groups>
    <test started-at="2023-01-09T12:16:14 EST" name="Default test" finished-at="2023-01-09T12:16:14 EST" duration-ms="71">
      <class name="Practice.LoginTest">
        <test-method signature="loginTest()[pri:1, instance:Practice.LoginTest@7494f96a]" started-at="2023-01-09T12:16:14 EST" name="loginTest" description="This is loginTest" finished-at="2023-01-09T12:16:14 EST" duration-ms="12" status="PASS">
          <reporter-output>
          </reporter-output>
        </test-method> <!-- loginTest -->
        <test-method signature="logoutTest()[pri:1, instance:Practice.LoginTest@7494f96a]" started-at="2023-01-09T12:16:14 EST" name="logoutTest" description="This is logoutTest" finished-at="2023-01-09T12:16:14 EST" duration-ms="3" status="PASS">
          <reporter-output>
          </reporter-output>
        </test-method> <!-- logoutTest -->
      </class> <!-- Practice.LoginTest -->
    </test> <!-- Default test -->
  </suite> <!-- Default suite -->
</testng-results>
