<?xml version="1.0" encoding="UTF-8"?>
<testng-results ignored="0" total="1" passed="1" failed="0" skipped="0">
  <reporter-output>
  </reporter-output>
  <suite started-at="2023-01-04T14:00:38 EST" name="Default suite" finished-at="2023-01-04T14:00:57 EST" duration-ms="18116">
    <groups>
    </groups>
    <test started-at="2023-01-04T14:00:38 EST" name="Default test" finished-at="2023-01-04T14:00:57 EST" duration-ms="18116">
      <class name="com.webdriver.KeyboardEventsDemo">
        <test-method signature="keyboardEventsDemo()[pri:0, instance:com.webdriver.KeyboardEventsDemo@4be29ed9]" started-at="2023-01-04T14:00:39 EST" name="keyboardEventsDemo" finished-at="2023-01-04T14:00:57 EST" duration-ms="18035" status="PASS">
          <reporter-output>
          </reporter-output>
        </test-method> <!-- keyboardEventsDemo -->
      </class> <!-- com.webdriver.KeyboardEventsDemo -->
    </test> <!-- Default test -->
  </suite> <!-- Default suite -->
</testng-results>
