<?xml version="1.0" encoding="UTF-8"?>
<!-- Generated by org.testng.reporters.JUnitXMLReporter -->
<testsuite ignored="0" hostname="JHUMA" failures="0" tests="3" name="Default test" time="0.085" errors="0" timestamp="2023-01-10T15:41:53 EST">
  <testcase classname="InterviewQuestionsTest.ReverseAString" name="logic1" time="0.012"/>
  <testcase classname="InterviewQuestionsTest.ReverseAString" name="logic2" time="0.002"/>
  <testcase classname="InterviewQuestionsTest.ReverseAString" name="logic3" time="0.002"/>
</testsuite> <!-- Default test -->
